<?xml version="1.0" encoding="UTF-8"?>
<!-- Generated by org.testng.reporters.JUnitXMLReporter -->
<testsuite ignored="0" hostname="LAPTOP-BV3MEJAQ" failures="0" tests="4" name="FireFoxTest" time="28.731" errors="0" timestamp="2022-11-03T16:33:12 IST">
  <testcase classname="TEST.verifyaddtocartallproduct" name="Validation" time="1.356"/>
  <testcase classname="TEST.logoutfunction" name="logout" time="0.47"/>
  <testcase classname="TEST.verify_addtocart_bagproduct" name="setup" time="0.264"/>
  <testcase classname="TEST.verifyloginfunctionality" name="login" time="0.012"/>
</testsuite> <!-- FireFoxTest -->
